<?xml version="1.0" encoding="UTF-8"?>
<testsuite xmlns:xsi="http://www.w3.org/2001/XMLSchema-instance" xsi:noNamespaceSchemaLocation="https://maven.apache.org/surefire/maven-surefire-plugin/xsd/surefire-test-report.xsd" name="com.ofsoft.cms.AppTest" time="0.039" tests="1" errors="0" skipped="0" failures="0">
  <properties>
    <property name="sun.desktop" value="windows"/>
    <property name="awt.toolkit" value="sun.awt.windows.WToolkit"/>
    <property name="file.encoding.pkg" value="sun.io"/>
    <property name="java.specification.version" value="1.8"/>
    <property name="sun.cpu.isalist" value="amd64"/>
    <property name="sun.jnu.encoding" value="GBK"/>
    <property name="java.class.path" value="C:\Users\YMKW\Desktop\loudongbug\ofcms\ofcms-front\target\test-classes;C:\Users\YMKW\Desktop\loudongbug\ofcms\ofcms-front\target\classes;C:\Users\YMKW\.m2\repository\junit\junit\4.11\junit-4.11.jar;C:\Users\YMKW\.m2\repository\org\hamcrest\hamcrest-core\1.3\hamcrest-core-1.3.jar;C:\Users\YMKW\.m2\repository\com\jfinal\jfinal\3.2\jfinal-3.2.jar;C:\Users\YMKW\.m2\repository\cglib\cglib-nodep\3.2.5\cglib-nodep-3.2.5.jar;C:\Users\YMKW\.m2\repository\com\jfinal\cos\2017.5\cos-2017.5.jar;C:\Users\YMKW\.m2\repository\com\jfinal\jfinal-weixin\1.8\jfinal-weixin-1.8.jar;C:\Users\YMKW\.m2\repository\javax\servlet\javax.servlet-api\3.0.1\javax.servlet-api-3.0.1.jar;C:\Users\YMKW\.m2\repository\org\slf4j\slf4j-simple\1.7.25\slf4j-simple-1.7.25.jar;C:\Users\YMKW\.m2\repository\org\slf4j\slf4j-api\1.7.25\slf4j-api-1.7.25.jar;C:\Users\YMKW\.m2\repository\commons-io\commons-io\2.4\commons-io-2.4.jar;C:\Users\YMKW\.m2\repository\org\apache\commons\commons-lang3\3.6\commons-lang3-3.6.jar;C:\Users\YMKW\.m2\repository\commons-codec\commons-codec\1.10\commons-codec-1.10.jar;C:\Users\YMKW\.m2\repository\commons-collections\commons-collections\3.2.2\commons-collections-3.2.2.jar;C:\Users\YMKW\.m2\repository\com\google\guava\guava\18.0\guava-18.0.jar;C:\Users\YMKW\.m2\repository\com\google\zxing\core\3.3.0\core-3.3.0.jar;C:\Users\YMKW\.m2\repository\com\google\code\gson\gson\2.8.0\gson-2.8.0.jar;C:\Users\YMKW\.m2\repository\org\springframework\spring-aop\3.2.9.RELEASE\spring-aop-3.2.9.RELEASE.jar;C:\Users\YMKW\.m2\repository\aopalliance\aopalliance\1.0\aopalliance-1.0.jar;C:\Users\YMKW\.m2\repository\org\springframework\spring-beans\3.2.9.RELEASE\spring-beans-3.2.9.RELEASE.jar;C:\Users\YMKW\.m2\repository\org\springframework\spring-core\3.2.9.RELEASE\spring-core-3.2.9.RELEASE.jar;C:\Users\YMKW\.m2\repository\org\springframework\spring-tx\3.2.9.RELEASE\spring-tx-3.2.9.RELEASE.jar;C:\Users\YMKW\.m2\repository\org\springframework\spring-orm\3.2.9.RELEASE\spring-orm-3.2.9.RELEASE.jar;C:\Users\YMKW\.m2\repository\org\aspectj\aspectjrt\1.6.8\aspectjrt-1.6.8.jar;C:\Users\YMKW\.m2\repository\org\aspectj\aspectjweaver\1.6.8\aspectjweaver-1.6.8.jar;C:\Users\YMKW\.m2\repository\org\springframework\spring-jdbc\3.2.9.RELEASE\spring-jdbc-3.2.9.RELEASE.jar;C:\Users\YMKW\.m2\repository\org\springframework\spring-context-support\3.2.9.RELEASE\spring-context-support-3.2.9.RELEASE.jar;C:\Users\YMKW\.m2\repository\org\springframework\spring-context\3.2.9.RELEASE\spring-context-3.2.9.RELEASE.jar;C:\Users\YMKW\.m2\repository\org\springframework\spring-expression\3.2.9.RELEASE\spring-expression-3.2.9.RELEASE.jar;C:\Users\YMKW\.m2\repository\org\javassist\javassist\3.15.0-GA\javassist-3.15.0-GA.jar;C:\Users\YMKW\.m2\repository\log4j\log4j\1.2.16\log4j-1.2.16.jar;C:\Users\YMKW\.m2\repository\net\coobird\thumbnailator\0.4.8\thumbnailator-0.4.8.jar;C:\Users\YMKW\.m2\repository\net\sf\opencsv\opencsv\2.3\opencsv-2.3.jar;C:\Users\YMKW\.m2\repository\org\freemarker\freemarker\2.3.21\freemarker-2.3.21.jar;C:\Users\YMKW\.m2\repository\org\apache\poi\poi\3.10.1\poi-3.10.1.jar;C:\Users\YMKW\.m2\repository\org\apache\poi\poi-ooxml\3.10.1\poi-ooxml-3.10.1.jar;C:\Users\YMKW\.m2\repository\org\apache\poi\poi-ooxml-schemas\3.10.1\poi-ooxml-schemas-3.10.1.jar;C:\Users\YMKW\.m2\repository\org\apache\xmlbeans\xmlbeans\2.6.0\xmlbeans-2.6.0.jar;C:\Users\YMKW\.m2\repository\stax\stax-api\1.0.1\stax-api-1.0.1.jar;C:\Users\YMKW\.m2\repository\net\sf\jxls\jxls-core\0.9.9\jxls-core-0.9.9.jar;C:\Users\YMKW\.m2\repository\commons-logging\commons-logging\1.1.1\commons-logging-1.1.1.jar;C:\Users\YMKW\.m2\repository\commons-jexl\commons-jexl\1.1\commons-jexl-1.1.jar;C:\Users\YMKW\.m2\repository\dom4j\dom4j\1.6.1\dom4j-1.6.1.jar;C:\Users\YMKW\.m2\repository\com\alibaba\druid\1.0.5\druid-1.0.5.jar;C:\Users\YMKW\.m2\repository\com\alibaba\fastjson\1.1.41\fastjson-1.1.41.jar;C:\Users\YMKW\.m2\repository\com\squareup\okhttp3\okhttp\3.8.1\okhttp-3.8.1.jar;C:\Users\YMKW\.m2\repository\com\squareup\okio\okio\1.13.0\okio-1.13.0.jar;C:\Users\YMKW\.m2\repository\com\squareup\okhttp\okhttp\2.7.5\okhttp-2.7.5.jar;C:\Users\YMKW\.m2\repository\mysql\mysql-connector-java\5.1.20\mysql-connector-java-5.1.20.jar;"/>
    <property name="java.vm.vendor" value="Oracle Corporation"/>
    <property name="sun.arch.data.model" value="64"/>
    <property name="user.variant" value=""/>
    <property name="java.vendor.url" value="http://java.oracle.com/"/>
    <property name="user.timezone" value=""/>
    <property name="java.vm.specification.version" value="1.8"/>
    <property name="os.name" value="Windows 10"/>
    <property name="user.country" value="CN"/>
    <property name="sun.java.launcher" value="SUN_STANDARD"/>
    <property name="sun.boot.library.path" value="D:\8u65\jre\bin"/>
    <property name="sun.java.command" value="C:\Users\YMKW\AppData\Local\Temp\surefire6849647246377226820\surefirebooter6391249097059247144.jar C:\Users\YMKW\AppData\Local\Temp\surefire6849647246377226820 2024-11-20T10-40-17_565-jvmRun1 surefire8095876214627536266tmp surefire_03286718394925399289tmp"/>
    <property name="surefire.test.class.path" value="C:\Users\YMKW\Desktop\loudongbug\ofcms\ofcms-front\target\test-classes;C:\Users\YMKW\Desktop\loudongbug\ofcms\ofcms-front\target\classes;C:\Users\YMKW\.m2\repository\junit\junit\4.11\junit-4.11.jar;C:\Users\YMKW\.m2\repository\org\hamcrest\hamcrest-core\1.3\hamcrest-core-1.3.jar;C:\Users\YMKW\.m2\repository\com\jfinal\jfinal\3.2\jfinal-3.2.jar;C:\Users\YMKW\.m2\repository\cglib\cglib-nodep\3.2.5\cglib-nodep-3.2.5.jar;C:\Users\YMKW\.m2\repository\com\jfinal\cos\2017.5\cos-2017.5.jar;C:\Users\YMKW\.m2\repository\com\jfinal\jfinal-weixin\1.8\jfinal-weixin-1.8.jar;C:\Users\YMKW\.m2\repository\javax\servlet\javax.servlet-api\3.0.1\javax.servlet-api-3.0.1.jar;C:\Users\YMKW\.m2\repository\org\slf4j\slf4j-simple\1.7.25\slf4j-simple-1.7.25.jar;C:\Users\YMKW\.m2\repository\org\slf4j\slf4j-api\1.7.25\slf4j-api-1.7.25.jar;C:\Users\YMKW\.m2\repository\commons-io\commons-io\2.4\commons-io-2.4.jar;C:\Users\YMKW\.m2\repository\org\apache\commons\commons-lang3\3.6\commons-lang3-3.6.jar;C:\Users\YMKW\.m2\repository\commons-codec\commons-codec\1.10\commons-codec-1.10.jar;C:\Users\YMKW\.m2\repository\commons-collections\commons-collections\3.2.2\commons-collections-3.2.2.jar;C:\Users\YMKW\.m2\repository\com\google\guava\guava\18.0\guava-18.0.jar;C:\Users\YMKW\.m2\repository\com\google\zxing\core\3.3.0\core-3.3.0.jar;C:\Users\YMKW\.m2\repository\com\google\code\gson\gson\2.8.0\gson-2.8.0.jar;C:\Users\YMKW\.m2\repository\org\springframework\spring-aop\3.2.9.RELEASE\spring-aop-3.2.9.RELEASE.jar;C:\Users\YMKW\.m2\repository\aopalliance\aopalliance\1.0\aopalliance-1.0.jar;C:\Users\YMKW\.m2\repository\org\springframework\spring-beans\3.2.9.RELEASE\spring-beans-3.2.9.RELEASE.jar;C:\Users\YMKW\.m2\repository\org\springframework\spring-core\3.2.9.RELEASE\spring-core-3.2.9.RELEASE.jar;C:\Users\YMKW\.m2\repository\org\springframework\spring-tx\3.2.9.RELEASE\spring-tx-3.2.9.RELEASE.jar;C:\Users\YMKW\.m2\repository\org\springframework\spring-orm\3.2.9.RELEASE\spring-orm-3.2.9.RELEASE.jar;C:\Users\YMKW\.m2\repository\org\aspectj\aspectjrt\1.6.8\aspectjrt-1.6.8.jar;C:\Users\YMKW\.m2\repository\org\aspectj\aspectjweaver\1.6.8\aspectjweaver-1.6.8.jar;C:\Users\YMKW\.m2\repository\org\springframework\spring-jdbc\3.2.9.RELEASE\spring-jdbc-3.2.9.RELEASE.jar;C:\Users\YMKW\.m2\repository\org\springframework\spring-context-support\3.2.9.RELEASE\spring-context-support-3.2.9.RELEASE.jar;C:\Users\YMKW\.m2\repository\org\springframework\spring-context\3.2.9.RELEASE\spring-context-3.2.9.RELEASE.jar;C:\Users\YMKW\.m2\repository\org\springframework\spring-expression\3.2.9.RELEASE\spring-expression-3.2.9.RELEASE.jar;C:\Users\YMKW\.m2\repository\org\javassist\javassist\3.15.0-GA\javassist-3.15.0-GA.jar;C:\Users\YMKW\.m2\repository\log4j\log4j\1.2.16\log4j-1.2.16.jar;C:\Users\YMKW\.m2\repository\net\coobird\thumbnailator\0.4.8\thumbnailator-0.4.8.jar;C:\Users\YMKW\.m2\repository\net\sf\opencsv\opencsv\2.3\opencsv-2.3.jar;C:\Users\YMKW\.m2\repository\org\freemarker\freemarker\2.3.21\freemarker-2.3.21.jar;C:\Users\YMKW\.m2\repository\org\apache\poi\poi\3.10.1\poi-3.10.1.jar;C:\Users\YMKW\.m2\repository\org\apache\poi\poi-ooxml\3.10.1\poi-ooxml-3.10.1.jar;C:\Users\YMKW\.m2\repository\org\apache\poi\poi-ooxml-schemas\3.10.1\poi-ooxml-schemas-3.10.1.jar;C:\Users\YMKW\.m2\repository\org\apache\xmlbeans\xmlbeans\2.6.0\xmlbeans-2.6.0.jar;C:\Users\YMKW\.m2\repository\stax\stax-api\1.0.1\stax-api-1.0.1.jar;C:\Users\YMKW\.m2\repository\net\sf\jxls\jxls-core\0.9.9\jxls-core-0.9.9.jar;C:\Users\YMKW\.m2\repository\commons-logging\commons-logging\1.1.1\commons-logging-1.1.1.jar;C:\Users\YMKW\.m2\repository\commons-jexl\commons-jexl\1.1\commons-jexl-1.1.jar;C:\Users\YMKW\.m2\repository\dom4j\dom4j\1.6.1\dom4j-1.6.1.jar;C:\Users\YMKW\.m2\repository\com\alibaba\druid\1.0.5\druid-1.0.5.jar;C:\Users\YMKW\.m2\repository\com\alibaba\fastjson\1.1.41\fastjson-1.1.41.jar;C:\Users\YMKW\.m2\repository\com\squareup\okhttp3\okhttp\3.8.1\okhttp-3.8.1.jar;C:\Users\YMKW\.m2\repository\com\squareup\okio\okio\1.13.0\okio-1.13.0.jar;C:\Users\YMKW\.m2\repository\com\squareup\okhttp\okhttp\2.7.5\okhttp-2.7.5.jar;C:\Users\YMKW\.m2\repository\mysql\mysql-connector-java\5.1.20\mysql-connector-java-5.1.20.jar;"/>
    <property name="sun.cpu.endian" value="little"/>
    <property name="user.home" value="C:\Users\YMKW"/>
    <property name="user.language" value="zh"/>
    <property name="java.specification.vendor" value="Oracle Corporation"/>
    <property name="java.home" value="D:\8u65\jre"/>
    <property name="basedir" value="C:\Users\YMKW\Desktop\loudongbug\ofcms\ofcms-front"/>
    <property name="file.separator" value="\"/>
    <property name="line.separator" value="&#10;"/>
    <property name="java.vm.specification.vendor" value="Oracle Corporation"/>
    <property name="java.specification.name" value="Java Platform API Specification"/>
    <property name="java.awt.graphicsenv" value="sun.awt.Win32GraphicsEnvironment"/>
    <property name="surefire.real.class.path" value="C:\Users\YMKW\AppData\Local\Temp\surefire6849647246377226820\surefirebooter6391249097059247144.jar"/>
    <property name="sun.boot.class.path" value="D:\8u65\jre\lib\resources.jar;D:\8u65\jre\lib\rt.jar;D:\8u65\jre\lib\sunrsasign.jar;D:\8u65\jre\lib\jsse.jar;D:\8u65\jre\lib\jce.jar;D:\8u65\jre\lib\charsets.jar;D:\8u65\jre\lib\jfr.jar;D:\8u65\jre\classes"/>
    <property name="user.script" value=""/>
    <property name="sun.management.compiler" value="HotSpot 64-Bit Tiered Compilers"/>
    <property name="java.runtime.version" value="1.8.0_65-b17"/>
    <property name="user.name" value="YMKW"/>
    <property name="path.separator" value=";"/>
    <property name="os.version" value="10.0"/>
    <property name="java.endorsed.dirs" value="D:\8u65\jre\lib\endorsed"/>
    <property name="java.runtime.name" value="Java(TM) SE Runtime Environment"/>
    <property name="file.encoding" value="GBK"/>
    <property name="java.vm.name" value="Java HotSpot(TM) 64-Bit Server VM"/>
    <property name="localRepository" value="C:\Users\YMKW\.m2\repository"/>
    <property name="java.vendor.url.bug" value="http://bugreport.sun.com/bugreport/"/>
    <property name="java.io.tmpdir" value="C:\Users\YMKW\AppData\Local\Temp\"/>
    <property name="java.version" value="1.8.0_65"/>
    <property name="user.dir" value="C:\Users\YMKW\Desktop\loudongbug\ofcms\ofcms-front"/>
    <property name="os.arch" value="amd64"/>
    <property name="java.vm.specification.name" value="Java Virtual Machine Specification"/>
    <property name="java.awt.printerjob" value="sun.awt.windows.WPrinterJob"/>
    <property name="sun.os.patch.level" value=""/>
    <property name="java.library.path" value="D:\8u65\jre\bin;C:\Windows\Sun\Java\bin;C:\Windows\system32;C:\Windows;D:\jdk8u220\bin;D:\jdk17\bin;D:\jdk11\bin;D:\8u65\bin;D:\fortify\bin;C:\Windows\system32;C:\Windows;C:\Windows\System32\Wbem;C:\Windows\System32\WindowsPowerShell\v1.0\;C:\Windows\System32\OpenSSH\;C:\Program Files\dotnet\;D:\apache-tomcat-9.0.88\bin;D:\codeql\codeql_home;D:\codeql\codeql_cli;D:\IntelliJ IDEA 2023.2.6\plugins\maven\lib\maven3\bin;C:\Program Files\Git\cmd;D:\微信web开发者工具\dll;D:\phpstudy_pro\Extensions\MySQL5.7.26\bin;D:\phpstudy_pro\Extensions\php\php7.3.4nts;C:\Python27;C:\Program Files\Tailscale\;C:\Windows\System32\wsl.exe;C:\Program Files\Docker\Docker\resources\bin;D:\nginx-1.24.0;C:\Users\YMKW\Desktop\tool\weasyprint-windows\dist;D:\nvm;D:\nodejs;D:\apache-ant-1.10.15\bin;D:\apache-ant-1.10.15\lib;C:\Users\YMKW\AppData\Local\Programs\Python\Python37\Scripts\;C:\Users\YMKW\AppData\Local\Programs\Python\Python37\;C:\Users\YMKW\AppData\Local\Programs\Python\Python38\Scripts\;C:\Users\YMKW\AppData\Local\Programs\Python\Python38\;C:\Users\YMKW\AppData\Local\Programs\Python\Python310\Scripts\;C:\Users\YMKW\AppData\Local\Programs\Python\Python310\;C:\Users\YMKW\AppData\Local\Microsoft\WindowsApps;D:\IntelliJ IDEA 2023.2.6\bin;D:\PyCharm Community Edition 2024.1\bin;D:\Microsoft VS Code\bin;C:\Users\YMKW\Desktop\源码反编译\fiddler-5.0.20202.1817\zh-fiddler-master;D:\WebStorm 2024.2.2\bin;;D:\CLion 2024.2.2\bin;;D:\nvm;D:\nodejs;."/>
    <property name="java.vm.info" value="mixed mode"/>
    <property name="java.vendor" value="Oracle Corporation"/>
    <property name="java.vm.version" value="25.65-b01"/>
    <property name="java.ext.dirs" value="D:\8u65\jre\lib\ext;C:\Windows\Sun\Java\lib\ext"/>
    <property name="sun.io.unicode.encoding" value="UnicodeLittle"/>
    <property name="java.class.version" value="52.0"/>
  </properties>
  <testcase name="shouldAnswerWithTrue" classname="com.ofsoft.cms.AppTest" time="0.002"/>
</testsuite>